<?xml version="1.0" encoding="UTF-8"?>
<testsuite name="SILab2Test" tests="1" skipped="0" failures="0" errors="0" timestamp="2020-08-23T16:19:41" hostname="naKatePC" time="0.058">
  <properties/>
  <testcase name="EveryStatementAndBranchTest()" classname="SILab2Test" time="0.058"/>
  <system-out><![CDATA[]]></system-out>
  <system-err><![CDATA[]]></system-err>
</testsuite>
